<?xml version="1.0" encoding="UTF-8"?>
<testng-results ignored="0" total="1" passed="1" failed="0" skipped="0">
  <reporter-output>
  </reporter-output>
  <suite started-at="2021-10-29T14:17:33Z" name="Default suite" finished-at="2021-10-29T14:17:48Z" duration-ms="15154">
    <groups>
    </groups>
    <test started-at="2021-10-29T14:17:33Z" name="Default test" finished-at="2021-10-29T14:17:48Z" duration-ms="15154">
      <class name="Testmethods.Testrediff">
        <test-method signature="registration()[pri:0, instance:Testmethods.Testrediff@25f4878b]" started-at="2021-10-29T14:17:33Z" name="registration" finished-at="2021-10-29T14:17:48Z" duration-ms="15076" status="PASS">
          <reporter-output>
          </reporter-output>
        </test-method> <!-- registration -->
      </class> <!-- Testmethods.Testrediff -->
    </test> <!-- Default test -->
  </suite> <!-- Default suite -->
</testng-results>
