<?xml version="1.0" encoding="UTF-8"?>
<testng-results skipped="0" failed="0" ignored="0" total="1" passed="1">
  <reporter-output>
  </reporter-output>
  <suite name="Suite" duration-ms="86276" started-at="2021-07-09T18:18:34Z" finished-at="2021-07-09T18:20:00Z">
    <groups>
    </groups>
    <test name="Test" duration-ms="86276" started-at="2021-07-09T18:18:34Z" finished-at="2021-07-09T18:20:00Z">
      <class name="Testmethods.OnemgclassTest">
        <test-method status="PASS" signature="registration()[pri:0, instance:Testmethods.OnemgclassTest@30c7da1e]" name="registration" duration-ms="86236" started-at="2021-07-09T18:18:34Z" finished-at="2021-07-09T18:20:00Z">
          <reporter-output>
          </reporter-output>
        </test-method> <!-- registration -->
      </class> <!-- Testmethods.OnemgclassTest -->
    </test> <!-- Test -->
  </suite> <!-- Suite -->
</testng-results>
